Line 24: Class MCI.MMControl of control MM2 was not a loaded control class.
Line 54: Class AUDIOCONTROLLib.Knob of control Knob1 was not a loaded control class.
Line 67: Class MCI.MMControl of control MM was not a loaded control class.
Line 116: Class MSComDlg.CommonDialog of control CD1 was not a loaded control class.
Line 170: Class MSComctlLib.Slider of control Slider1 was not a loaded control class.
Line 191: Class CompControler.CompControl of control CC1 was not a loaded control class.
Line 30: The property name _ExtentX in MM2 is invalid.
Line 31: The property name _ExtentY in MM2 is invalid.
Line 32: The property name _Version in MM2 is invalid.
Line 33: The property name PrevEnabled in MM2 is invalid.
Line 34: The property name NextEnabled in MM2 is invalid.
Line 35: The property name PlayEnabled in MM2 is invalid.
Line 36: The property name PauseEnabled in MM2 is invalid.
Line 37: The property name BackEnabled in MM2 is invalid.
Line 38: The property name StepEnabled in MM2 is invalid.
Line 39: The property name StopEnabled in MM2 is invalid.
Line 40: The property name RecordEnabled in MM2 is invalid.
Line 41: The property name EjectEnabled in MM2 is invalid.
Line 42: The property name DeviceType in MM2 is invalid.
Line 43: The property name FileName in MM2 is invalid.
Line 60: The property name _Version in Knob1 is invalid.
Line 61: The property name _ExtentX in Knob1 is invalid.
Line 62: The property name _ExtentY in Knob1 is invalid.
Line 63: The property name _StockProps in Knob1 is invalid.
Line 64: The property name Min in Knob1 is invalid.
Line 65: The property name Max in Knob1 is invalid.
Line 73: The property name _ExtentX in MM is invalid.
Line 74: The property name _ExtentY in MM is invalid.
Line 75: The property name _Version in MM is invalid.
Line 76: The property name Orientation in MM is invalid.
Line 77: The property name PrevEnabled in MM is invalid.
Line 78: The property name NextEnabled in MM is invalid.
Line 79: The property name PlayEnabled in MM is invalid.
Line 80: The property name PauseEnabled in MM is invalid.
Line 81: The property name BackEnabled in MM is invalid.
Line 82: The property name StepEnabled in MM is invalid.
Line 83: The property name StopEnabled in MM is invalid.
Line 84: The property name RecordEnabled in MM is invalid.
Line 85: The property name EjectEnabled in MM is invalid.
Line 87: The property name DeviceType in MM is invalid.
Line 88: The property name FileName in MM is invalid.
Line 119: The property name _ExtentX in CD1 is invalid.
Line 120: The property name _ExtentY in CD1 is invalid.
Line 121: The property name _Version in CD1 is invalid.
Line 176: The property name _ExtentX in Slider1 is invalid.
Line 177: The property name _ExtentY in Slider1 is invalid.
Line 178: The property name _Version in Slider1 is invalid.
Line 180: The property name Orientation in Slider1 is invalid.
Line 181: The property name Max in Slider1 is invalid.
Line 182: The property name TickStyle in Slider1 is invalid.
Line 194: The property name _ExtentX in CC1 is invalid.
Line 195: The property name _ExtentY in CC1 is invalid.
Line 30: The property name _ExtentX in MM2 is invalid.
Line 31: The property name _ExtentY in MM2 is invalid.
Line 32: The property name _Version in MM2 is invalid.
Line 33: The property name PrevEnabled in MM2 is invalid.
Line 34: The property name NextEnabled in MM2 is invalid.
Line 35: The property name PlayEnabled in MM2 is invalid.
Line 36: The property name PauseEnabled in MM2 is invalid.
Line 37: The property name BackEnabled in MM2 is invalid.
Line 38: The property name StepEnabled in MM2 is invalid.
Line 39: The property name StopEnabled in MM2 is invalid.
Line 40: The property name RecordEnabled in MM2 is invalid.
Line 41: The property name EjectEnabled in MM2 is invalid.
Line 42: The property name DeviceType in MM2 is invalid.
Line 43: The property name FileName in MM2 is invalid.
Line 60: The property name _Version in Knob1 is invalid.
Line 61: The property name _ExtentX in Knob1 is invalid.
Line 62: The property name _ExtentY in Knob1 is invalid.
Line 63: The property name _StockProps in Knob1 is invalid.
Line 64: The property name Min in Knob1 is invalid.
Line 65: The property name Max in Knob1 is invalid.
Line 73: The property name _ExtentX in MM is invalid.
Line 74: The property name _ExtentY in MM is invalid.
Line 75: The property name _Version in MM is invalid.
Line 76: The property name Orientation in MM is invalid.
Line 77: The property name PrevEnabled in MM is invalid.
Line 78: The property name NextEnabled in MM is invalid.
Line 79: The property name PlayEnabled in MM is invalid.
Line 80: The property name PauseEnabled in MM is invalid.
Line 81: The property name BackEnabled in MM is invalid.
Line 82: The property name StepEnabled in MM is invalid.
Line 83: The property name StopEnabled in MM is invalid.
Line 84: The property name RecordEnabled in MM is invalid.
Line 85: The property name EjectEnabled in MM is invalid.
Line 87: The property name DeviceType in MM is invalid.
Line 88: The property name FileName in MM is invalid.
Line 119: The property name _ExtentX in CD1 is invalid.
Line 120: The property name _ExtentY in CD1 is invalid.
Line 121: The property name _Version in CD1 is invalid.
Line 176: The property name _ExtentX in Slider1 is invalid.
Line 177: The property name _ExtentY in Slider1 is invalid.
Line 178: The property name _Version in Slider1 is invalid.
Line 180: The property name Orientation in Slider1 is invalid.
Line 181: The property name Max in Slider1 is invalid.
Line 182: The property name TickStyle in Slider1 is invalid.
Line 194: The property name _ExtentX in CC1 is invalid.
Line 195: The property name _ExtentY in CC1 is invalid.
